d:\users\desktop\研究生\手动特征提取程序\c++\mfcapplication1\mfcapplication1\debug\mfcapplication1.pch
d:\users\desktop\研究生\手动特征提取程序\c++\mfcapplication1\mfcapplication1\debug\vc120.pdb
d:\users\desktop\研究生\手动特征提取程序\c++\mfcapplication1\mfcapplication1\debug\vc120.idb
d:\users\desktop\研究生\手动特征提取程序\c++\mfcapplication1\mfcapplication1\debug\stdafx.obj
d:\users\desktop\研究生\手动特征提取程序\c++\mfcapplication1\mfcapplication1\debug\mfcapplication1.obj
d:\users\desktop\研究生\手动特征提取程序\c++\mfcapplication1\mfcapplication1\debug\exceloperation.obj
d:\users\desktop\研究生\手动特征提取程序\c++\mfcapplication1\mfcapplication1\debug\mfcapplication1dlg.obj
d:\users\desktop\研究生\手动特征提取程序\c++\mfcapplication1\debug\mfcapplication1.ilk
d:\users\desktop\研究生\手动特征提取程序\c++\mfcapplication1\debug\mfcapplication1.exe
d:\users\desktop\研究生\手动特征提取程序\c++\mfcapplication1\debug\mfcapplication1.pdb
d:\users\desktop\研究生\手动特征提取程序\c++\mfcapplication1\mfcapplication1\debug\mfcapplication1.res
d:\users\desktop\研究生\手动特征提取程序\c++\mfcapplication1\mfcapplication1\debug\mfcapplication1.tlog\cl.command.1.tlog
d:\users\desktop\研究生\手动特征提取程序\c++\mfcapplication1\mfcapplication1\debug\mfcapplication1.tlog\cl.read.1.tlog
d:\users\desktop\研究生\手动特征提取程序\c++\mfcapplication1\mfcapplication1\debug\mfcapplication1.tlog\cl.write.1.tlog
d:\users\desktop\研究生\手动特征提取程序\c++\mfcapplication1\mfcapplication1\debug\mfcapplication1.tlog\link.command.1.tlog
d:\users\desktop\研究生\手动特征提取程序\c++\mfcapplication1\mfcapplication1\debug\mfcapplication1.tlog\link.read.1.tlog
d:\users\desktop\研究生\手动特征提取程序\c++\mfcapplication1\mfcapplication1\debug\mfcapplication1.tlog\link.write.1.tlog
d:\users\desktop\研究生\手动特征提取程序\c++\mfcapplication1\mfcapplication1\debug\mfcapplication1.tlog\rc.command.1.tlog
d:\users\desktop\研究生\手动特征提取程序\c++\mfcapplication1\mfcapplication1\debug\mfcapplication1.tlog\rc.read.1.tlog
d:\users\desktop\研究生\手动特征提取程序\c++\mfcapplication1\mfcapplication1\debug\mfcapplication1.tlog\rc.write.1.tlog
